{"/Users/ktsolev/Desktop/TodoApp/Screens/BitCoinRates/BitCoinRates.tsx": {"path":"/Users/ktsolev/Desktop/TodoApp/Screens/BitCoinRates/BitCoinRates.tsx","statementMap":{"0":{"start":{"line":10,"column":4},"end":{"line":97,"column":1}},"1":{"start":{"line":11,"column":40},"end":{"line":11,"column":70}},"2":{"start":{"line":12,"column":38},"end":{"line":12,"column":67}},"3":{"start":{"line":14,"column":11},"end":{"line":14,"column":74}},"4":{"start":{"line":16,"column":2},"end":{"line":44,"column":9}},"5":{"start":{"line":17,"column":4},"end":{"line":20,"column":6}},"6":{"start":{"line":18,"column":6},"end":{"line":18,"column":44}},"7":{"start":{"line":19,"column":6},"end":{"line":19,"column":22}},"8":{"start":{"line":21,"column":4},"end":{"line":24,"column":6}},"9":{"start":{"line":22,"column":6},"end":{"line":22,"column":29}},"10":{"start":{"line":23,"column":6},"end":{"line":23,"column":32}},"11":{"start":{"line":25,"column":4},"end":{"line":27,"column":6}},"12":{"start":{"line":26,"column":6},"end":{"line":26,"column":46}},"13":{"start":{"line":28,"column":4},"end":{"line":42,"column":6}},"14":{"start":{"line":29,"column":23},"end":{"line":29,"column":41}},"15":{"start":{"line":30,"column":6},"end":{"line":41,"column":8}},"16":{"start":{"line":43,"column":4},"end":{"line":43,"column":28}},"17":{"start":{"line":43,"column":17},"end":{"line":43,"column":27}},"18":{"start":{"line":46,"column":24},"end":{"line":54,"column":3}},"19":{"start":{"line":47,"column":4},"end":{"line":53,"column":6}},"20":{"start":{"line":55,"column":2},"end":{"line":96,"column":4}}},"fnMap":{"0":{"name":"(anonymous_0)","decl":{"start":{"line":10,"column":4},"end":{"line":10,"column":5}},"loc":{"start":{"line":10,"column":23},"end":{"line":97,"column":1}},"line":10},"1":{"name":"(anonymous_1)","decl":{"start":{"line":16,"column":12},"end":{"line":16,"column":13}},"loc":{"start":{"line":16,"column":18},"end":{"line":44,"column":3}},"line":16},"2":{"name":"(anonymous_2)","decl":{"start":{"line":17,"column":16},"end":{"line":17,"column":17}},"loc":{"start":{"line":17,"column":22},"end":{"line":20,"column":5}},"line":17},"3":{"name":"(anonymous_3)","decl":{"start":{"line":21,"column":17},"end":{"line":21,"column":18}},"loc":{"start":{"line":21,"column":22},"end":{"line":24,"column":5}},"line":21},"4":{"name":"(anonymous_4)","decl":{"start":{"line":25,"column":17},"end":{"line":25,"column":18}},"loc":{"start":{"line":25,"column":23},"end":{"line":27,"column":5}},"line":25},"5":{"name":"(anonymous_5)","decl":{"start":{"line":28,"column":19},"end":{"line":28,"column":20}},"loc":{"start":{"line":28,"column":24},"end":{"line":42,"column":5}},"line":28},"6":{"name":"(anonymous_6)","decl":{"start":{"line":43,"column":11},"end":{"line":43,"column":12}},"loc":{"start":{"line":43,"column":17},"end":{"line":43,"column":27}},"line":43},"7":{"name":"(anonymous_7)","decl":{"start":{"line":46,"column":24},"end":{"line":46,"column":25}},"loc":{"start":{"line":46,"column":30},"end":{"line":54,"column":3}},"line":46}},"branchMap":{"0":{"loc":{"start":{"line":61,"column":10},"end":{"line":61,"column":79}},"type":"cond-expr","locations":[{"start":{"line":61,"column":50},"end":{"line":61,"column":64}},{"start":{"line":61,"column":67},"end":{"line":61,"column":79}}],"line":61},"1":{"loc":{"start":{"line":65,"column":7},"end":{"line":94,"column":7}},"type":"binary-expr","locations":[{"start":{"line":65,"column":7},"end":{"line":65,"column":17}},{"start":{"line":66,"column":8},"end":{"line":93,"column":11}}],"line":65}},"s":{"0":1,"1":1,"2":1,"3":1,"4":1,"5":1,"6":0,"7":0,"8":1,"9":0,"10":0,"11":1,"12":0,"13":1,"14":0,"15":0,"16":1,"17":1,"18":1,"19":0,"20":1},"f":{"0":1,"1":1,"2":0,"3":0,"4":0,"5":0,"6":1,"7":0},"b":{"0":[0,1],"1":[1,0]},"_coverageSchema":"1a1c01bbd47fc00a2c39e90264f33305004495a9","hash":"745d634190cef437186d85cf15bc1a78da31e25a"}
,"/Users/ktsolev/Desktop/TodoApp/Screens/BitCoinRates/Strings.tsx": {"path":"/Users/ktsolev/Desktop/TodoApp/Screens/BitCoinRates/Strings.tsx","statementMap":{"0":{"start":{"line":1,"column":29},"end":{"line":1,"column":54}},"1":{"start":{"line":2,"column":31},"end":{"line":2,"column":72}},"2":{"start":{"line":3,"column":28},"end":{"line":3,"column":40}},"3":{"start":{"line":4,"column":20},"end":{"line":4,"column":27}},"4":{"start":{"line":5,"column":23},"end":{"line":5,"column":33}},"5":{"start":{"line":6,"column":28},"end":{"line":6,"column":43}},"6":{"start":{"line":7,"column":28},"end":{"line":7,"column":43}},"7":{"start":{"line":8,"column":20},"end":{"line":8,"column":27}},"8":{"start":{"line":9,"column":20},"end":{"line":9,"column":27}},"9":{"start":{"line":10,"column":24},"end":{"line":10,"column":35}},"10":{"start":{"line":11,"column":20},"end":{"line":11,"column":28}}},"fnMap":{},"branchMap":{},"s":{"0":1,"1":1,"2":1,"3":1,"4":1,"5":1,"6":1,"7":1,"8":1,"9":1,"10":1},"f":{},"b":{},"_coverageSchema":"1a1c01bbd47fc00a2c39e90264f33305004495a9","hash":"f97ffc4d0ee1c68c6ba968e461a94eba2de38919"}
,"/Users/ktsolev/Desktop/TodoApp/Screens/BitCoinRates/styles.tsx": {"path":"/Users/ktsolev/Desktop/TodoApp/Screens/BitCoinRates/styles.tsx","statementMap":{"0":{"start":{"line":3,"column":22},"end":{"line":22,"column":2}}},"fnMap":{},"branchMap":{},"s":{"0":1},"f":{},"b":{},"_coverageSchema":"1a1c01bbd47fc00a2c39e90264f33305004495a9","hash":"0a220574101b4634fcfc5cddaf39643daa186fdd"}
,"/Users/ktsolev/Desktop/TodoApp/Screens/BitCoinRates/Models/BitCoinReateModle.tsx": {"path":"/Users/ktsolev/Desktop/TodoApp/Screens/BitCoinRates/Models/BitCoinReateModle.tsx","statementMap":{},"fnMap":{"0":{"name":"(anonymous_0)","decl":{"start":{"line":2,"column":2},"end":{"line":2,"column":3}},"loc":{"start":{"line":11,"column":4},"end":{"line":11,"column":6}},"line":11}},"branchMap":{},"s":{},"f":{"0":0},"b":{},"_coverageSchema":"1a1c01bbd47fc00a2c39e90264f33305004495a9","hash":"cf35a4165510bf18c24fad02875886d2f162f47d"}
,"/Users/ktsolev/Desktop/TodoApp/Screens/Todos/Components/AddNewTodo/AddNewTodo.tsx": {"path":"/Users/ktsolev/Desktop/TodoApp/Screens/Todos/Components/AddNewTodo/AddNewTodo.tsx","statementMap":{"0":{"start":{"line":11,"column":62},"end":{"line":95,"column":1}},"1":{"start":{"line":15,"column":40},"end":{"line":15,"column":55}},"2":{"start":{"line":16,"column":30},"end":{"line":16,"column":45}},"3":{"start":{"line":17,"column":35},"end":{"line":17,"column":50}},"4":{"start":{"line":18,"column":34},"end":{"line":18,"column":46}},"5":{"start":{"line":19,"column":36},"end":{"line":19,"column":48}},"6":{"start":{"line":20,"column":19},"end":{"line":20,"column":32}},"7":{"start":{"line":22,"column":2},"end":{"line":31,"column":13}},"8":{"start":{"line":23,"column":4},"end":{"line":30,"column":5}},"9":{"start":{"line":24,"column":6},"end":{"line":24,"column":22}},"10":{"start":{"line":25,"column":6},"end":{"line":25,"column":30}},"11":{"start":{"line":27,"column":6},"end":{"line":27,"column":23}},"12":{"start":{"line":28,"column":6},"end":{"line":28,"column":28}},"13":{"start":{"line":29,"column":6},"end":{"line":29,"column":22}},"14":{"start":{"line":33,"column":23},"end":{"line":50,"column":3}},"15":{"start":{"line":34,"column":4},"end":{"line":49,"column":5}},"16":{"start":{"line":35,"column":6},"end":{"line":35,"column":26}},"17":{"start":{"line":36,"column":6},"end":{"line":36,"column":23}},"18":{"start":{"line":37,"column":6},"end":{"line":45,"column":7}},"19":{"start":{"line":38,"column":8},"end":{"line":40,"column":10}},"20":{"start":{"line":42,"column":8},"end":{"line":42,"column":41}},"21":{"start":{"line":44,"column":8},"end":{"line":44,"column":80}},"22":{"start":{"line":47,"column":6},"end":{"line":47,"column":25}},"23":{"start":{"line":48,"column":6},"end":{"line":48,"column":38}},"24":{"start":{"line":52,"column":24},"end":{"line":60,"column":3}},"25":{"start":{"line":53,"column":4},"end":{"line":59,"column":5}},"26":{"start":{"line":54,"column":6},"end":{"line":54,"column":26}},"27":{"start":{"line":55,"column":6},"end":{"line":55,"column":23}},"28":{"start":{"line":57,"column":6},"end":{"line":57,"column":25}},"29":{"start":{"line":58,"column":6},"end":{"line":58,"column":38}},"30":{"start":{"line":61,"column":2},"end":{"line":94,"column":4}}},"fnMap":{"0":{"name":"(anonymous_0)","decl":{"start":{"line":11,"column":62},"end":{"line":11,"column":63}},"loc":{"start":{"line":14,"column":19},"end":{"line":95,"column":1}},"line":14},"1":{"name":"(anonymous_1)","decl":{"start":{"line":22,"column":12},"end":{"line":22,"column":13}},"loc":{"start":{"line":22,"column":18},"end":{"line":31,"column":3}},"line":22},"2":{"name":"(anonymous_2)","decl":{"start":{"line":33,"column":23},"end":{"line":33,"column":24}},"loc":{"start":{"line":33,"column":35},"end":{"line":50,"column":3}},"line":33},"3":{"name":"(anonymous_3)","decl":{"start":{"line":52,"column":24},"end":{"line":52,"column":25}},"loc":{"start":{"line":52,"column":36},"end":{"line":60,"column":3}},"line":52}},"branchMap":{"0":{"loc":{"start":{"line":23,"column":4},"end":{"line":30,"column":5}},"type":"if","locations":[{"start":{"line":23,"column":4},"end":{"line":30,"column":5}},{"start":{"line":26,"column":11},"end":{"line":30,"column":5}}],"line":23},"1":{"loc":{"start":{"line":23,"column":8},"end":{"line":23,"column":43}},"type":"binary-expr","locations":[{"start":{"line":23,"column":8},"end":{"line":23,"column":21}},{"start":{"line":23,"column":25},"end":{"line":23,"column":43}}],"line":23},"2":{"loc":{"start":{"line":34,"column":4},"end":{"line":49,"column":5}},"type":"if","locations":[{"start":{"line":34,"column":4},"end":{"line":49,"column":5}},{"start":{"line":46,"column":11},"end":{"line":49,"column":5}}],"line":34},"3":{"loc":{"start":{"line":37,"column":6},"end":{"line":45,"column":7}},"type":"if","locations":[{"start":{"line":37,"column":6},"end":{"line":45,"column":7}},{"start":{"line":43,"column":13},"end":{"line":45,"column":7}}],"line":37},"4":{"loc":{"start":{"line":42,"column":8},"end":{"line":42,"column":40}},"type":"binary-expr","locations":[{"start":{"line":42,"column":8},"end":{"line":42,"column":21}},{"start":{"line":42,"column":25},"end":{"line":42,"column":40}}],"line":42},"5":{"loc":{"start":{"line":53,"column":4},"end":{"line":59,"column":5}},"type":"if","locations":[{"start":{"line":53,"column":4},"end":{"line":59,"column":5}},{"start":{"line":56,"column":11},"end":{"line":59,"column":5}}],"line":53},"6":{"loc":{"start":{"line":62,"column":15},"end":{"line":62,"column":30}},"type":"binary-expr","locations":[{"start":{"line":62,"column":15},"end":{"line":62,"column":23}},{"start":{"line":62,"column":27},"end":{"line":62,"column":30}}],"line":62},"7":{"loc":{"start":{"line":63,"column":7},"end":{"line":69,"column":14}},"type":"cond-expr","locations":[{"start":{"line":64,"column":8},"end":{"line":68,"column":10}},{"start":{"line":69,"column":10},"end":{"line":69,"column":14}}],"line":63},"8":{"loc":{"start":{"line":82,"column":9},"end":{"line":82,"column":70}},"type":"binary-expr","locations":[{"start":{"line":82,"column":9},"end":{"line":82,"column":17}},{"start":{"line":82,"column":21},"end":{"line":82,"column":70}}],"line":82},"9":{"loc":{"start":{"line":85,"column":31},"end":{"line":85,"column":70}},"type":"cond-expr","locations":[{"start":{"line":85,"column":42},"end":{"line":85,"column":63}},{"start":{"line":85,"column":66},"end":{"line":85,"column":70}}],"line":85},"10":{"loc":{"start":{"line":90,"column":11},"end":{"line":90,"column":54}},"type":"cond-expr","locations":[{"start":{"line":90,"column":20},"end":{"line":90,"column":36}},{"start":{"line":90,"column":39},"end":{"line":90,"column":54}}],"line":90}},"s":{"0":3,"1":47,"2":47,"3":47,"4":47,"5":47,"6":47,"7":47,"8":20,"9":7,"10":7,"11":13,"12":13,"13":13,"14":47,"15":7,"16":4,"17":4,"18":4,"19":2,"20":2,"21":2,"22":3,"23":3,"24":47,"25":3,"26":1,"27":1,"28":2,"29":2,"30":47},"f":{"0":47,"1":20,"2":7,"3":3},"b":{"0":[7,13],"1":[20,20],"2":[4,3],"3":[2,2],"4":[2,2],"5":[1,2],"6":[47,26],"7":[14,33],"8":[47,7],"9":[7,40],"10":[14,33]},"_coverageSchema":"1a1c01bbd47fc00a2c39e90264f33305004495a9","hash":"1c8cbc63c1d6121b555a6b429e3afb350c0cf1e1"}
,"/Users/ktsolev/Desktop/TodoApp/Screens/Todos/Components/AddNewTodo/Strings.tsx": {"path":"/Users/ktsolev/Desktop/TodoApp/Screens/Todos/Components/AddNewTodo/Strings.tsx","statementMap":{"0":{"start":{"line":1,"column":32},"end":{"line":1,"column":48}},"1":{"start":{"line":2,"column":24},"end":{"line":2,"column":35}},"2":{"start":{"line":3,"column":23},"end":{"line":3,"column":33}},"3":{"start":{"line":4,"column":25},"end":{"line":4,"column":53}}},"fnMap":{},"branchMap":{},"s":{"0":3,"1":3,"2":3,"3":3},"f":{},"b":{},"_coverageSchema":"1a1c01bbd47fc00a2c39e90264f33305004495a9","hash":"f8c9f852c4bd94186a10152537ba967d978425d9"}
,"/Users/ktsolev/Desktop/TodoApp/Screens/Todos/Components/AddNewTodo/styles.tsx": {"path":"/Users/ktsolev/Desktop/TodoApp/Screens/Todos/Components/AddNewTodo/styles.tsx","statementMap":{"0":{"start":{"line":3,"column":22},"end":{"line":66,"column":2}}},"fnMap":{},"branchMap":{},"s":{"0":3},"f":{},"b":{},"_coverageSchema":"1a1c01bbd47fc00a2c39e90264f33305004495a9","hash":"37889e3b11db6ca91fb2e84ef6e61ad2f037ad7a"}
,"/Users/ktsolev/Desktop/TodoApp/Screens/Todos/Components/Separator/Separator.tsx": {"path":"/Users/ktsolev/Desktop/TodoApp/Screens/Todos/Components/Separator/Separator.tsx","statementMap":{"0":{"start":{"line":5,"column":25},"end":{"line":5,"column":64}},"1":{"start":{"line":5,"column":31},"end":{"line":5,"column":64}}},"fnMap":{"0":{"name":"(anonymous_0)","decl":{"start":{"line":5,"column":25},"end":{"line":5,"column":26}},"loc":{"start":{"line":5,"column":31},"end":{"line":5,"column":64}},"line":5}},"branchMap":{},"s":{"0":2,"1":39},"f":{"0":39},"b":{},"_coverageSchema":"1a1c01bbd47fc00a2c39e90264f33305004495a9","hash":"a3395563fbbe355cb92a05d8f9b5a1c941d30f9e"}
,"/Users/ktsolev/Desktop/TodoApp/Screens/Todos/Components/Separator/styles.tsx": {"path":"/Users/ktsolev/Desktop/TodoApp/Screens/Todos/Components/Separator/styles.tsx","statementMap":{"0":{"start":{"line":3,"column":22},"end":{"line":10,"column":2}}},"fnMap":{},"branchMap":{},"s":{"0":2},"f":{},"b":{},"_coverageSchema":"1a1c01bbd47fc00a2c39e90264f33305004495a9","hash":"729d155b8c27f9df97c123a96cfab725aab45744"}
,"/Users/ktsolev/Desktop/TodoApp/Screens/Todos/Components/TodoItem/TodoItem.tsx": {"path":"/Users/ktsolev/Desktop/TodoApp/Screens/Todos/Components/TodoItem/TodoItem.tsx","statementMap":{"0":{"start":{"line":13,"column":58},"end":{"line":64,"column":1}},"1":{"start":{"line":19,"column":19},"end":{"line":19,"column":32}},"2":{"start":{"line":21,"column":21},"end":{"line":21,"column":64}},"3":{"start":{"line":21,"column":27},"end":{"line":21,"column":64}},"4":{"start":{"line":22,"column":23},"end":{"line":23,"column":57}},"5":{"start":{"line":23,"column":4},"end":{"line":23,"column":57}},"6":{"start":{"line":25,"column":2},"end":{"line":27,"column":3}},"7":{"start":{"line":26,"column":4},"end":{"line":26,"column":16}},"8":{"start":{"line":29,"column":2},"end":{"line":63,"column":3}},"9":{"start":{"line":30,"column":4},"end":{"line":53,"column":6}},"10":{"start":{"line":43,"column":25},"end":{"line":43,"column":59}},"11":{"start":{"line":55,"column":4},"end":{"line":62,"column":6}},"12":{"start":{"line":59,"column":31},"end":{"line":59,"column":65}}},"fnMap":{"0":{"name":"(anonymous_0)","decl":{"start":{"line":13,"column":58},"end":{"line":13,"column":59}},"loc":{"start":{"line":18,"column":26},"end":{"line":64,"column":1}},"line":18},"1":{"name":"(anonymous_1)","decl":{"start":{"line":21,"column":21},"end":{"line":21,"column":22}},"loc":{"start":{"line":21,"column":27},"end":{"line":21,"column":64}},"line":21},"2":{"name":"(anonymous_2)","decl":{"start":{"line":22,"column":23},"end":{"line":22,"column":24}},"loc":{"start":{"line":23,"column":4},"end":{"line":23,"column":57}},"line":23},"3":{"name":"(anonymous_3)","decl":{"start":{"line":43,"column":19},"end":{"line":43,"column":20}},"loc":{"start":{"line":43,"column":25},"end":{"line":43,"column":59}},"line":43},"4":{"name":"(anonymous_4)","decl":{"start":{"line":59,"column":25},"end":{"line":59,"column":26}},"loc":{"start":{"line":59,"column":31},"end":{"line":59,"column":65}},"line":59}},"branchMap":{"0":{"loc":{"start":{"line":21,"column":27},"end":{"line":21,"column":64}},"type":"binary-expr","locations":[{"start":{"line":21,"column":27},"end":{"line":21,"column":31}},{"start":{"line":21,"column":35},"end":{"line":21,"column":64}}],"line":21},"1":{"loc":{"start":{"line":23,"column":4},"end":{"line":23,"column":57}},"type":"binary-expr","locations":[{"start":{"line":23,"column":4},"end":{"line":23,"column":8}},{"start":{"line":23,"column":12},"end":{"line":23,"column":57}}],"line":23},"2":{"loc":{"start":{"line":25,"column":2},"end":{"line":27,"column":3}},"type":"if","locations":[{"start":{"line":25,"column":2},"end":{"line":27,"column":3}},{"start":{},"end":{}}],"line":25},"3":{"loc":{"start":{"line":29,"column":2},"end":{"line":63,"column":3}},"type":"if","locations":[{"start":{"line":29,"column":2},"end":{"line":63,"column":3}},{"start":{"line":54,"column":9},"end":{"line":63,"column":3}}],"line":29},"4":{"loc":{"start":{"line":37,"column":35},"end":{"line":37,"column":75}},"type":"cond-expr","locations":[{"start":{"line":37,"column":52},"end":{"line":37,"column":68}},{"start":{"line":37,"column":71},"end":{"line":37,"column":75}}],"line":37}},"s":{"0":2,"1":37,"2":37,"3":1,"4":37,"5":1,"6":37,"7":1,"8":36,"9":33,"10":2,"11":3,"12":1},"f":{"0":37,"1":1,"2":1,"3":2,"4":1},"b":{"0":[1,1],"1":[1,1],"2":[1,36],"3":[33,3],"4":[21,12]},"_coverageSchema":"1a1c01bbd47fc00a2c39e90264f33305004495a9","hash":"db5fd297d3026f4c37dfee684d7983fd424e311a"}
,"/Users/ktsolev/Desktop/TodoApp/Screens/Todos/Components/TodoItem/styles.tsx": {"path":"/Users/ktsolev/Desktop/TodoApp/Screens/Todos/Components/TodoItem/styles.tsx","statementMap":{"0":{"start":{"line":3,"column":22},"end":{"line":38,"column":2}}},"fnMap":{},"branchMap":{},"s":{"0":2},"f":{},"b":{},"_coverageSchema":"1a1c01bbd47fc00a2c39e90264f33305004495a9","hash":"3819808c96e698d93ec082e0824e98db66889d07"}
,"/Users/ktsolev/Desktop/TodoApp/Screens/Todos/Models/TodoModel.tsx": {"path":"/Users/ktsolev/Desktop/TodoApp/Screens/Todos/Models/TodoModel.tsx","statementMap":{},"fnMap":{"0":{"name":"(anonymous_0)","decl":{"start":{"line":2,"column":2},"end":{"line":2,"column":3}},"loc":{"start":{"line":7,"column":4},"end":{"line":7,"column":6}},"line":7}},"branchMap":{"0":{"loc":{"start":{"line":5,"column":11},"end":{"line":5,"column":37}},"type":"default-arg","locations":[{"start":{"line":5,"column":32},"end":{"line":5,"column":37}}],"line":5},"1":{"loc":{"start":{"line":6,"column":11},"end":{"line":6,"column":33}},"type":"default-arg","locations":[{"start":{"line":6,"column":28},"end":{"line":6,"column":33}}],"line":6}},"s":{},"f":{"0":61},"b":{"0":[0],"1":[0]},"_coverageSchema":"1a1c01bbd47fc00a2c39e90264f33305004495a9","hash":"5b6d9a44501b63785a336a30a98325b256946991"}
,"/Users/ktsolev/Desktop/TodoApp/Screens/Todos/TodoList/Strings.tsx": {"path":"/Users/ktsolev/Desktop/TodoApp/Screens/Todos/TodoList/Strings.tsx","statementMap":{"0":{"start":{"line":1,"column":20},"end":{"line":1,"column":26}},"1":{"start":{"line":2,"column":23},"end":{"line":2,"column":33}},"2":{"start":{"line":3,"column":19},"end":{"line":3,"column":24}},"3":{"start":{"line":4,"column":22},"end":{"line":4,"column":36}},"4":{"start":{"line":5,"column":24},"end":{"line":5,"column":31}},"5":{"start":{"line":6,"column":25},"end":{"line":6,"column":46}}},"fnMap":{},"branchMap":{},"s":{"0":1,"1":1,"2":1,"3":1,"4":1,"5":1},"f":{},"b":{},"_coverageSchema":"1a1c01bbd47fc00a2c39e90264f33305004495a9","hash":"77475f2b25465348a7b7d03aaa8e9489efc8a90a"}
,"/Users/ktsolev/Desktop/TodoApp/Screens/Todos/TodoList/TodoList.tsx": {"path":"/Users/ktsolev/Desktop/TodoApp/Screens/Todos/TodoList/TodoList.tsx","statementMap":{"0":{"start":{"line":17,"column":24},"end":{"line":105,"column":1}},"1":{"start":{"line":18,"column":16},"end":{"line":18,"column":61}},"2":{"start":{"line":19,"column":20},"end":{"line":19,"column":69}},"3":{"start":{"line":20,"column":23},"end":{"line":20,"column":75}},"4":{"start":{"line":21,"column":34},"end":{"line":21,"column":49}},"5":{"start":{"line":22,"column":36},"end":{"line":22,"column":47}},"6":{"start":{"line":23,"column":36},"end":{"line":25,"column":3}},"7":{"start":{"line":27,"column":2},"end":{"line":29,"column":14}},"8":{"start":{"line":28,"column":4},"end":{"line":28,"column":23}},"9":{"start":{"line":31,"column":25},"end":{"line":37,"column":3}},"10":{"start":{"line":32,"column":4},"end":{"line":32,"column":44}},"11":{"start":{"line":33,"column":4},"end":{"line":33,"column":29}},"12":{"start":{"line":34,"column":4},"end":{"line":34,"column":33}},"13":{"start":{"line":35,"column":4},"end":{"line":35,"column":24}},"14":{"start":{"line":36,"column":4},"end":{"line":36,"column":73}},"15":{"start":{"line":39,"column":19},"end":{"line":51,"column":3}},"16":{"start":{"line":40,"column":4},"end":{"line":50,"column":5}},"17":{"start":{"line":42,"column":8},"end":{"line":42,"column":31}},"18":{"start":{"line":43,"column":8},"end":{"line":43,"column":14}},"19":{"start":{"line":45,"column":8},"end":{"line":45,"column":34}},"20":{"start":{"line":46,"column":8},"end":{"line":46,"column":14}},"21":{"start":{"line":48,"column":8},"end":{"line":48,"column":27}},"22":{"start":{"line":49,"column":8},"end":{"line":49,"column":14}},"23":{"start":{"line":53,"column":2},"end":{"line":104,"column":4}},"24":{"start":{"line":60,"column":27},"end":{"line":60,"column":43}},"25":{"start":{"line":66,"column":27},"end":{"line":66,"column":47}},"26":{"start":{"line":72,"column":27},"end":{"line":72,"column":42}},"27":{"start":{"line":83,"column":10},"end":{"line":83,"column":62}},"28":{"start":{"line":86,"column":10},"end":{"line":92,"column":12}},"29":{"start":{"line":94,"column":38},"end":{"line":94,"column":51}}},"fnMap":{"0":{"name":"(anonymous_0)","decl":{"start":{"line":17,"column":24},"end":{"line":17,"column":25}},"loc":{"start":{"line":17,"column":43},"end":{"line":105,"column":1}},"line":17},"1":{"name":"(anonymous_1)","decl":{"start":{"line":27,"column":12},"end":{"line":27,"column":13}},"loc":{"start":{"line":27,"column":18},"end":{"line":29,"column":3}},"line":27},"2":{"name":"(anonymous_2)","decl":{"start":{"line":31,"column":25},"end":{"line":31,"column":26}},"loc":{"start":{"line":31,"column":66},"end":{"line":37,"column":3}},"line":31},"3":{"name":"(anonymous_3)","decl":{"start":{"line":39,"column":19},"end":{"line":39,"column":20}},"loc":{"start":{"line":39,"column":41},"end":{"line":51,"column":3}},"line":39},"4":{"name":"(anonymous_4)","decl":{"start":{"line":60,"column":21},"end":{"line":60,"column":22}},"loc":{"start":{"line":60,"column":27},"end":{"line":60,"column":43}},"line":60},"5":{"name":"(anonymous_5)","decl":{"start":{"line":66,"column":21},"end":{"line":66,"column":22}},"loc":{"start":{"line":66,"column":27},"end":{"line":66,"column":47}},"line":66},"6":{"name":"(anonymous_6)","decl":{"start":{"line":72,"column":21},"end":{"line":72,"column":22}},"loc":{"start":{"line":72,"column":27},"end":{"line":72,"column":42}},"line":72},"7":{"name":"(anonymous_7)","decl":{"start":{"line":82,"column":28},"end":{"line":82,"column":29}},"loc":{"start":{"line":83,"column":10},"end":{"line":83,"column":62}},"line":83},"8":{"name":"(anonymous_8)","decl":{"start":{"line":85,"column":20},"end":{"line":85,"column":21}},"loc":{"start":{"line":86,"column":10},"end":{"line":92,"column":12}},"line":86},"9":{"name":"(anonymous_9)","decl":{"start":{"line":94,"column":32},"end":{"line":94,"column":33}},"loc":{"start":{"line":94,"column":38},"end":{"line":94,"column":51}},"line":94}},"branchMap":{"0":{"loc":{"start":{"line":40,"column":4},"end":{"line":50,"column":5}},"type":"switch","locations":[{"start":{"line":41,"column":6},"end":{"line":43,"column":14}},{"start":{"line":44,"column":6},"end":{"line":46,"column":14}},{"start":{"line":47,"column":6},"end":{"line":49,"column":14}}],"line":40}},"s":{"0":1,"1":7,"2":7,"3":7,"4":7,"5":7,"6":7,"7":7,"8":6,"9":7,"10":1,"11":1,"12":1,"13":1,"14":1,"15":7,"16":3,"17":1,"18":1,"19":1,"20":1,"21":1,"22":1,"23":7,"24":1,"25":1,"26":1,"27":1,"28":30,"29":24},"f":{"0":7,"1":6,"2":1,"3":3,"4":1,"5":1,"6":1,"7":1,"8":30,"9":24},"b":{"0":[1,1,1]},"_coverageSchema":"1a1c01bbd47fc00a2c39e90264f33305004495a9","hash":"4b066526eda669886c701a4f1906a2fe5e02b84d"}
,"/Users/ktsolev/Desktop/TodoApp/Screens/Todos/TodoList/style.tsx": {"path":"/Users/ktsolev/Desktop/TodoApp/Screens/Todos/TodoList/style.tsx","statementMap":{"0":{"start":{"line":3,"column":22},"end":{"line":55,"column":2}}},"fnMap":{},"branchMap":{},"s":{"0":1},"f":{},"b":{},"_coverageSchema":"1a1c01bbd47fc00a2c39e90264f33305004495a9","hash":"20dc96bed37746cbd321fee0159e92035af5ede1"}
,"/Users/ktsolev/Desktop/TodoApp/Screens/Todos/Todoslice/TodoSelectors.tsx": {"path":"/Users/ktsolev/Desktop/TodoApp/Screens/Todos/Todoslice/TodoSelectors.tsx","statementMap":{"0":{"start":{"line":4,"column":24},"end":{"line":5,"column":26}},"1":{"start":{"line":5,"column":2},"end":{"line":5,"column":26}},"2":{"start":{"line":7,"column":28},"end":{"line":8,"column":46}},"3":{"start":{"line":8,"column":2},"end":{"line":8,"column":46}},"4":{"start":{"line":10,"column":31},"end":{"line":11,"column":49}},"5":{"start":{"line":11,"column":2},"end":{"line":11,"column":49}},"6":{"start":{"line":13,"column":27},"end":{"line":13,"column":71}},"7":{"start":{"line":13,"column":48},"end":{"line":13,"column":71}},"8":{"start":{"line":15,"column":30},"end":{"line":15,"column":75}},"9":{"start":{"line":15,"column":51},"end":{"line":15,"column":75}}},"fnMap":{"0":{"name":"(anonymous_0)","decl":{"start":{"line":4,"column":24},"end":{"line":4,"column":25}},"loc":{"start":{"line":5,"column":2},"end":{"line":5,"column":26}},"line":5},"1":{"name":"(anonymous_1)","decl":{"start":{"line":7,"column":28},"end":{"line":7,"column":29}},"loc":{"start":{"line":8,"column":2},"end":{"line":8,"column":46}},"line":8},"2":{"name":"(anonymous_2)","decl":{"start":{"line":10,"column":31},"end":{"line":10,"column":32}},"loc":{"start":{"line":11,"column":2},"end":{"line":11,"column":49}},"line":11},"3":{"name":"(anonymous_3)","decl":{"start":{"line":13,"column":27},"end":{"line":13,"column":28}},"loc":{"start":{"line":13,"column":48},"end":{"line":13,"column":71}},"line":13},"4":{"name":"(anonymous_4)","decl":{"start":{"line":15,"column":30},"end":{"line":15,"column":31}},"loc":{"start":{"line":15,"column":51},"end":{"line":15,"column":75}},"line":15}},"branchMap":{},"s":{"0":5,"1":1,"2":5,"3":1,"4":5,"5":1,"6":5,"7":13,"8":5,"9":10},"f":{"0":1,"1":1,"2":1,"3":13,"4":10},"b":{},"_coverageSchema":"1a1c01bbd47fc00a2c39e90264f33305004495a9","hash":"ccb44b90dd4313e5dfcded69cc49956cf4308c9c"}
,"/Users/ktsolev/Desktop/TodoApp/Screens/Todos/Todoslice/TodoSlice.tsx": {"path":"/Users/ktsolev/Desktop/TodoApp/Screens/Todos/Todoslice/TodoSlice.tsx","statementMap":{"0":{"start":{"line":6,"column":32},"end":{"line":25,"column":1}},"1":{"start":{"line":27,"column":25},"end":{"line":58,"column":2}},"2":{"start":{"line":32,"column":6},"end":{"line":32,"column":39}},"3":{"start":{"line":33,"column":6},"end":{"line":33,"column":63}},"4":{"start":{"line":36,"column":6},"end":{"line":36,"column":75}},"5":{"start":{"line":36,"column":47},"end":{"line":36,"column":73}},"6":{"start":{"line":37,"column":6},"end":{"line":37,"column":63}},"7":{"start":{"line":40,"column":6},"end":{"line":45,"column":9}},"8":{"start":{"line":41,"column":8},"end":{"line":43,"column":9}},"9":{"start":{"line":42,"column":10},"end":{"line":42,"column":48}},"10":{"start":{"line":44,"column":8},"end":{"line":44,"column":20}},"11":{"start":{"line":46,"column":6},"end":{"line":46,"column":63}},"12":{"start":{"line":49,"column":6},"end":{"line":54,"column":9}},"13":{"start":{"line":50,"column":8},"end":{"line":52,"column":9}},"14":{"start":{"line":51,"column":10},"end":{"line":51,"column":46}},"15":{"start":{"line":53,"column":8},"end":{"line":53,"column":20}},"16":{"start":{"line":55,"column":6},"end":{"line":55,"column":63}},"17":{"start":{"line":60,"column":61},"end":{"line":60,"column":78}}},"fnMap":{"0":{"name":"(anonymous_0)","decl":{"start":{"line":31,"column":13},"end":{"line":31,"column":14}},"loc":{"start":{"line":31,"column":52},"end":{"line":34,"column":5}},"line":31},"1":{"name":"(anonymous_1)","decl":{"start":{"line":35,"column":16},"end":{"line":35,"column":17}},"loc":{"start":{"line":35,"column":58},"end":{"line":38,"column":5}},"line":35},"2":{"name":"(anonymous_2)","decl":{"start":{"line":36,"column":39},"end":{"line":36,"column":40}},"loc":{"start":{"line":36,"column":47},"end":{"line":36,"column":73}},"line":36},"3":{"name":"(anonymous_3)","decl":{"start":{"line":39,"column":18},"end":{"line":39,"column":19}},"loc":{"start":{"line":39,"column":72},"end":{"line":47,"column":5}},"line":39},"4":{"name":"(anonymous_4)","decl":{"start":{"line":40,"column":36},"end":{"line":40,"column":37}},"loc":{"start":{"line":40,"column":44},"end":{"line":45,"column":7}},"line":40},"5":{"name":"(anonymous_5)","decl":{"start":{"line":48,"column":14},"end":{"line":48,"column":15}},"loc":{"start":{"line":48,"column":53},"end":{"line":56,"column":5}},"line":48},"6":{"name":"(anonymous_6)","decl":{"start":{"line":49,"column":36},"end":{"line":49,"column":37}},"loc":{"start":{"line":49,"column":44},"end":{"line":54,"column":7}},"line":49}},"branchMap":{"0":{"loc":{"start":{"line":41,"column":8},"end":{"line":43,"column":9}},"type":"if","locations":[{"start":{"line":41,"column":8},"end":{"line":43,"column":9}},{"start":{},"end":{}}],"line":41},"1":{"loc":{"start":{"line":50,"column":8},"end":{"line":52,"column":9}},"type":"if","locations":[{"start":{"line":50,"column":8},"end":{"line":52,"column":9}},{"start":{},"end":{}}],"line":50}},"s":{"0":5,"1":5,"2":1,"3":1,"4":1,"5":1,"6":1,"7":1,"8":1,"9":1,"10":1,"11":1,"12":1,"13":1,"14":1,"15":1,"16":1,"17":5},"f":{"0":1,"1":1,"2":1,"3":1,"4":1,"5":1,"6":1},"b":{"0":[1,0],"1":[1,0]},"_coverageSchema":"1a1c01bbd47fc00a2c39e90264f33305004495a9","hash":"58fcb7ea81d241b9d8cf0bd3b676d1aab1336ca6"}
}
