{"/Users/ktsolev/Desktop/TodoApp/Screens/Todos/Models/TodoModel.tsx": {"path":"/Users/ktsolev/Desktop/TodoApp/Screens/Todos/Models/TodoModel.tsx","statementMap":{},"fnMap":{"0":{"name":"(anonymous_0)","decl":{"start":{"line":2,"column":2},"end":{"line":2,"column":3}},"loc":{"start":{"line":7,"column":4},"end":{"line":7,"column":6}},"line":7}},"branchMap":{"0":{"loc":{"start":{"line":5,"column":11},"end":{"line":5,"column":37}},"type":"default-arg","locations":[{"start":{"line":5,"column":32},"end":{"line":5,"column":37}}],"line":5},"1":{"loc":{"start":{"line":6,"column":11},"end":{"line":6,"column":33}},"type":"default-arg","locations":[{"start":{"line":6,"column":28},"end":{"line":6,"column":33}}],"line":6}},"s":{},"f":{"0":20},"b":{"0":[0],"1":[0]},"_coverageSchema":"1a1c01bbd47fc00a2c39e90264f33305004495a9","hash":"5b6d9a44501b63785a336a30a98325b256946991"}
,"/Users/ktsolev/Desktop/TodoApp/Screens/Todos/Todoslice/TodoSelectors.tsx": {"path":"/Users/ktsolev/Desktop/TodoApp/Screens/Todos/Todoslice/TodoSelectors.tsx","statementMap":{"0":{"start":{"line":4,"column":24},"end":{"line":5,"column":26}},"1":{"start":{"line":5,"column":2},"end":{"line":5,"column":26}},"2":{"start":{"line":7,"column":28},"end":{"line":8,"column":46}},"3":{"start":{"line":8,"column":2},"end":{"line":8,"column":46}},"4":{"start":{"line":10,"column":31},"end":{"line":11,"column":49}},"5":{"start":{"line":11,"column":2},"end":{"line":11,"column":49}},"6":{"start":{"line":13,"column":27},"end":{"line":13,"column":71}},"7":{"start":{"line":13,"column":48},"end":{"line":13,"column":71}},"8":{"start":{"line":15,"column":30},"end":{"line":15,"column":75}},"9":{"start":{"line":15,"column":51},"end":{"line":15,"column":75}}},"fnMap":{"0":{"name":"(anonymous_0)","decl":{"start":{"line":4,"column":24},"end":{"line":4,"column":25}},"loc":{"start":{"line":5,"column":2},"end":{"line":5,"column":26}},"line":5},"1":{"name":"(anonymous_1)","decl":{"start":{"line":7,"column":28},"end":{"line":7,"column":29}},"loc":{"start":{"line":8,"column":2},"end":{"line":8,"column":46}},"line":8},"2":{"name":"(anonymous_2)","decl":{"start":{"line":10,"column":31},"end":{"line":10,"column":32}},"loc":{"start":{"line":11,"column":2},"end":{"line":11,"column":49}},"line":11},"3":{"name":"(anonymous_3)","decl":{"start":{"line":13,"column":27},"end":{"line":13,"column":28}},"loc":{"start":{"line":13,"column":48},"end":{"line":13,"column":71}},"line":13},"4":{"name":"(anonymous_4)","decl":{"start":{"line":15,"column":30},"end":{"line":15,"column":31}},"loc":{"start":{"line":15,"column":51},"end":{"line":15,"column":75}},"line":15}},"branchMap":{},"s":{"0":2,"1":0,"2":2,"3":0,"4":2,"5":0,"6":2,"7":3,"8":2,"9":0},"f":{"0":0,"1":0,"2":0,"3":3,"4":0},"b":{},"_coverageSchema":"1a1c01bbd47fc00a2c39e90264f33305004495a9","hash":"ccb44b90dd4313e5dfcded69cc49956cf4308c9c"}
,"/Users/ktsolev/Desktop/TodoApp/Screens/Todos/Todoslice/TodoSlice.tsx": {"path":"/Users/ktsolev/Desktop/TodoApp/Screens/Todos/Todoslice/TodoSlice.tsx","statementMap":{"0":{"start":{"line":6,"column":32},"end":{"line":20,"column":1}},"1":{"start":{"line":22,"column":25},"end":{"line":60,"column":2}},"2":{"start":{"line":27,"column":6},"end":{"line":27,"column":39}},"3":{"start":{"line":28,"column":6},"end":{"line":28,"column":63}},"4":{"start":{"line":31,"column":6},"end":{"line":31,"column":75}},"5":{"start":{"line":31,"column":47},"end":{"line":31,"column":73}},"6":{"start":{"line":32,"column":6},"end":{"line":32,"column":63}},"7":{"start":{"line":35,"column":6},"end":{"line":43,"column":9}},"8":{"start":{"line":36,"column":8},"end":{"line":36,"column":41}},"9":{"start":{"line":37,"column":8},"end":{"line":41,"column":9}},"10":{"start":{"line":38,"column":8},"end":{"line":38,"column":44}},"11":{"start":{"line":40,"column":10},"end":{"line":40,"column":48}},"12":{"start":{"line":42,"column":8},"end":{"line":42,"column":20}},"13":{"start":{"line":44,"column":6},"end":{"line":44,"column":63}},"14":{"start":{"line":47,"column":6},"end":{"line":56,"column":9}},"15":{"start":{"line":48,"column":8},"end":{"line":48,"column":37}},"16":{"start":{"line":50,"column":8},"end":{"line":54,"column":9}},"17":{"start":{"line":51,"column":8},"end":{"line":51,"column":40}},"18":{"start":{"line":53,"column":10},"end":{"line":53,"column":46}},"19":{"start":{"line":55,"column":8},"end":{"line":55,"column":20}},"20":{"start":{"line":57,"column":6},"end":{"line":57,"column":63}},"21":{"start":{"line":62,"column":61},"end":{"line":62,"column":78}}},"fnMap":{"0":{"name":"(anonymous_0)","decl":{"start":{"line":26,"column":13},"end":{"line":26,"column":14}},"loc":{"start":{"line":26,"column":52},"end":{"line":29,"column":5}},"line":26},"1":{"name":"(anonymous_1)","decl":{"start":{"line":30,"column":16},"end":{"line":30,"column":17}},"loc":{"start":{"line":30,"column":58},"end":{"line":33,"column":5}},"line":30},"2":{"name":"(anonymous_2)","decl":{"start":{"line":31,"column":39},"end":{"line":31,"column":40}},"loc":{"start":{"line":31,"column":47},"end":{"line":31,"column":73}},"line":31},"3":{"name":"(anonymous_3)","decl":{"start":{"line":34,"column":18},"end":{"line":34,"column":19}},"loc":{"start":{"line":34,"column":72},"end":{"line":45,"column":5}},"line":34},"4":{"name":"(anonymous_4)","decl":{"start":{"line":35,"column":36},"end":{"line":35,"column":37}},"loc":{"start":{"line":35,"column":44},"end":{"line":43,"column":7}},"line":35},"5":{"name":"(anonymous_5)","decl":{"start":{"line":46,"column":14},"end":{"line":46,"column":15}},"loc":{"start":{"line":46,"column":53},"end":{"line":58,"column":5}},"line":46},"6":{"name":"(anonymous_6)","decl":{"start":{"line":47,"column":36},"end":{"line":47,"column":37}},"loc":{"start":{"line":47,"column":44},"end":{"line":56,"column":7}},"line":47}},"branchMap":{"0":{"loc":{"start":{"line":37,"column":8},"end":{"line":41,"column":9}},"type":"if","locations":[{"start":{"line":37,"column":8},"end":{"line":41,"column":9}},{"start":{},"end":{}}],"line":37},"1":{"loc":{"start":{"line":50,"column":8},"end":{"line":54,"column":9}},"type":"if","locations":[{"start":{"line":50,"column":8},"end":{"line":54,"column":9}},{"start":{},"end":{}}],"line":50}},"s":{"0":2,"1":2,"2":1,"3":1,"4":1,"5":1,"6":1,"7":1,"8":1,"9":1,"10":1,"11":1,"12":1,"13":1,"14":1,"15":1,"16":1,"17":1,"18":1,"19":1,"20":1,"21":2},"f":{"0":1,"1":1,"2":1,"3":1,"4":1,"5":1,"6":1},"b":{"0":[1,0],"1":[1,0]},"_coverageSchema":"1a1c01bbd47fc00a2c39e90264f33305004495a9","hash":"34758141f743e8816c5a62b5647900b1a34ce7db"}
}
