TN:
SF:Screens/BitCoinRates/BitCoinRates.tsx
FN:10,(anonymous_0)
FN:16,(anonymous_1)
FN:17,(anonymous_2)
FN:21,(anonymous_3)
FN:25,(anonymous_4)
FN:28,(anonymous_5)
FN:43,(anonymous_6)
FN:46,(anonymous_7)
FNF:8
FNH:3
FNDA:1,(anonymous_0)
FNDA:1,(anonymous_1)
FNDA:0,(anonymous_2)
FNDA:0,(anonymous_3)
FNDA:0,(anonymous_4)
FNDA:0,(anonymous_5)
FNDA:1,(anonymous_6)
FNDA:0,(anonymous_7)
DA:10,1
DA:11,1
DA:12,1
DA:14,1
DA:16,1
DA:17,1
DA:18,0
DA:19,0
DA:21,1
DA:22,0
DA:23,0
DA:25,1
DA:26,0
DA:28,1
DA:29,0
DA:30,0
DA:43,1
DA:46,1
DA:47,0
DA:55,1
LF:20
LH:12
BRDA:61,0,0,0
BRDA:61,0,1,1
BRDA:65,1,0,1
BRDA:65,1,1,0
BRF:4
BRH:2
end_of_record
TN:
SF:Screens/BitCoinRates/Strings.tsx
FNF:0
FNH:0
DA:1,1
DA:2,1
DA:3,1
DA:4,1
DA:5,1
DA:6,1
DA:7,1
DA:8,1
DA:9,1
DA:10,1
DA:11,1
LF:11
LH:11
BRF:0
BRH:0
end_of_record
TN:
SF:Screens/BitCoinRates/styles.tsx
FNF:0
FNH:0
DA:3,1
LF:1
LH:1
BRF:0
BRH:0
end_of_record
TN:
SF:Screens/BitCoinRates/Models/BitCoinReateModle.tsx
FN:2,(anonymous_0)
FNF:1
FNH:0
FNDA:0,(anonymous_0)
LF:0
LH:0
BRF:0
BRH:0
end_of_record
TN:
SF:Screens/Todos/Components/AddNewTodo/AddNewTodo.tsx
FN:11,(anonymous_0)
FN:22,(anonymous_1)
FN:33,(anonymous_2)
FN:52,(anonymous_3)
FNF:4
FNH:4
FNDA:47,(anonymous_0)
FNDA:20,(anonymous_1)
FNDA:7,(anonymous_2)
FNDA:3,(anonymous_3)
DA:11,3
DA:15,47
DA:16,47
DA:17,47
DA:18,47
DA:19,47
DA:20,47
DA:22,47
DA:23,20
DA:24,7
DA:25,7
DA:27,13
DA:28,13
DA:29,13
DA:33,47
DA:34,7
DA:35,4
DA:36,4
DA:37,4
DA:38,2
DA:42,2
DA:44,2
DA:47,3
DA:48,3
DA:52,47
DA:53,3
DA:54,1
DA:55,1
DA:57,2
DA:58,2
DA:61,47
LF:31
LH:31
BRDA:23,0,0,7
BRDA:23,0,1,13
BRDA:23,1,0,20
BRDA:23,1,1,20
BRDA:34,2,0,4
BRDA:34,2,1,3
BRDA:37,3,0,2
BRDA:37,3,1,2
BRDA:42,4,0,2
BRDA:42,4,1,2
BRDA:53,5,0,1
BRDA:53,5,1,2
BRDA:62,6,0,47
BRDA:62,6,1,26
BRDA:63,7,0,14
BRDA:63,7,1,33
BRDA:82,8,0,47
BRDA:82,8,1,7
BRDA:85,9,0,7
BRDA:85,9,1,40
BRDA:90,10,0,14
BRDA:90,10,1,33
BRF:22
BRH:22
end_of_record
TN:
SF:Screens/Todos/Components/AddNewTodo/Strings.tsx
FNF:0
FNH:0
DA:1,3
DA:2,3
DA:3,3
DA:4,3
LF:4
LH:4
BRF:0
BRH:0
end_of_record
TN:
SF:Screens/Todos/Components/AddNewTodo/styles.tsx
FNF:0
FNH:0
DA:3,3
LF:1
LH:1
BRF:0
BRH:0
end_of_record
TN:
SF:Screens/Todos/Components/Separator/Separator.tsx
FN:5,(anonymous_0)
FNF:1
FNH:1
FNDA:39,(anonymous_0)
DA:5,39
LF:1
LH:1
BRF:0
BRH:0
end_of_record
TN:
SF:Screens/Todos/Components/Separator/styles.tsx
FNF:0
FNH:0
DA:3,2
LF:1
LH:1
BRF:0
BRH:0
end_of_record
TN:
SF:Screens/Todos/Components/TodoItem/TodoItem.tsx
FN:13,(anonymous_0)
FN:21,(anonymous_1)
FN:22,(anonymous_2)
FN:43,(anonymous_3)
FN:59,(anonymous_4)
FNF:5
FNH:5
FNDA:37,(anonymous_0)
FNDA:1,(anonymous_1)
FNDA:1,(anonymous_2)
FNDA:2,(anonymous_3)
FNDA:1,(anonymous_4)
DA:13,2
DA:19,37
DA:21,37
DA:22,37
DA:23,1
DA:25,37
DA:26,1
DA:29,36
DA:30,33
DA:43,2
DA:55,3
DA:59,1
LF:12
LH:12
BRDA:21,0,0,1
BRDA:21,0,1,1
BRDA:23,1,0,1
BRDA:23,1,1,1
BRDA:25,2,0,1
BRDA:25,2,1,36
BRDA:29,3,0,33
BRDA:29,3,1,3
BRDA:37,4,0,21
BRDA:37,4,1,12
BRF:10
BRH:10
end_of_record
TN:
SF:Screens/Todos/Components/TodoItem/styles.tsx
FNF:0
FNH:0
DA:3,2
LF:1
LH:1
BRF:0
BRH:0
end_of_record
TN:
SF:Screens/Todos/Models/TodoModel.tsx
FN:2,(anonymous_0)
FNF:1
FNH:1
FNDA:61,(anonymous_0)
LF:0
LH:0
BRDA:5,0,0,0
BRDA:6,1,0,0
BRF:2
BRH:0
end_of_record
TN:
SF:Screens/Todos/TodoList/Strings.tsx
FNF:0
FNH:0
DA:1,1
DA:2,1
DA:3,1
DA:4,1
DA:5,1
DA:6,1
LF:6
LH:6
BRF:0
BRH:0
end_of_record
TN:
SF:Screens/Todos/TodoList/TodoList.tsx
FN:17,(anonymous_0)
FN:27,(anonymous_1)
FN:31,(anonymous_2)
FN:39,(anonymous_3)
FN:60,(anonymous_4)
FN:66,(anonymous_5)
FN:72,(anonymous_6)
FN:82,(anonymous_7)
FN:85,(anonymous_8)
FN:94,(anonymous_9)
FNF:10
FNH:10
FNDA:7,(anonymous_0)
FNDA:6,(anonymous_1)
FNDA:1,(anonymous_2)
FNDA:3,(anonymous_3)
FNDA:1,(anonymous_4)
FNDA:1,(anonymous_5)
FNDA:1,(anonymous_6)
FNDA:1,(anonymous_7)
FNDA:30,(anonymous_8)
FNDA:24,(anonymous_9)
DA:17,1
DA:18,7
DA:19,7
DA:20,7
DA:21,7
DA:22,7
DA:23,7
DA:27,7
DA:28,6
DA:31,7
DA:32,1
DA:33,1
DA:34,1
DA:35,1
DA:36,1
DA:39,7
DA:40,3
DA:42,1
DA:43,1
DA:45,1
DA:46,1
DA:48,1
DA:49,1
DA:53,7
DA:60,1
DA:66,1
DA:72,1
DA:83,1
DA:86,30
DA:94,24
LF:30
LH:30
BRDA:40,0,0,1
BRDA:40,0,1,1
BRDA:40,0,2,1
BRF:3
BRH:3
end_of_record
TN:
SF:Screens/Todos/TodoList/style.tsx
FNF:0
FNH:0
DA:3,1
LF:1
LH:1
BRF:0
BRH:0
end_of_record
TN:
SF:Screens/Todos/Todoslice/TodoSelectors.tsx
FN:4,(anonymous_0)
FN:7,(anonymous_1)
FN:10,(anonymous_2)
FN:13,(anonymous_3)
FN:15,(anonymous_4)
FNF:5
FNH:5
FNDA:1,(anonymous_0)
FNDA:1,(anonymous_1)
FNDA:1,(anonymous_2)
FNDA:13,(anonymous_3)
FNDA:10,(anonymous_4)
DA:4,5
DA:5,1
DA:7,5
DA:8,1
DA:10,5
DA:11,1
DA:13,13
DA:15,10
LF:8
LH:8
BRF:0
BRH:0
end_of_record
TN:
SF:Screens/Todos/Todoslice/TodoSlice.tsx
FN:31,(anonymous_0)
FN:35,(anonymous_1)
FN:36,(anonymous_2)
FN:39,(anonymous_3)
FN:40,(anonymous_4)
FN:48,(anonymous_5)
FN:49,(anonymous_6)
FNF:7
FNH:7
FNDA:1,(anonymous_0)
FNDA:1,(anonymous_1)
FNDA:1,(anonymous_2)
FNDA:1,(anonymous_3)
FNDA:1,(anonymous_4)
FNDA:1,(anonymous_5)
FNDA:1,(anonymous_6)
DA:6,5
DA:27,5
DA:32,1
DA:33,1
DA:36,1
DA:37,1
DA:40,1
DA:41,1
DA:42,1
DA:44,1
DA:46,1
DA:49,1
DA:50,1
DA:51,1
DA:53,1
DA:55,1
DA:60,5
LF:17
LH:17
BRDA:41,0,0,1
BRDA:41,0,1,0
BRDA:50,1,0,1
BRDA:50,1,1,0
BRF:4
BRH:2
end_of_record
