TN:
SF:Screens/Todos/Models/TodoModel.tsx
FN:2,(anonymous_0)
FNF:1
FNH:1
FNDA:20,(anonymous_0)
LF:0
LH:0
BRDA:5,0,0,0
BRDA:6,1,0,0
BRF:2
BRH:0
end_of_record
TN:
SF:Screens/Todos/Todoslice/TodoSelectors.tsx
FN:4,(anonymous_0)
FN:7,(anonymous_1)
FN:10,(anonymous_2)
FN:13,(anonymous_3)
FN:15,(anonymous_4)
FNF:5
FNH:1
FNDA:0,(anonymous_0)
FNDA:0,(anonymous_1)
FNDA:0,(anonymous_2)
FNDA:3,(anonymous_3)
FNDA:0,(anonymous_4)
DA:4,2
DA:5,0
DA:7,2
DA:8,0
DA:10,2
DA:11,0
DA:13,3
DA:15,2
LF:8
LH:5
BRF:0
BRH:0
end_of_record
TN:
SF:Screens/Todos/Todoslice/TodoSlice.tsx
FN:26,(anonymous_0)
FN:30,(anonymous_1)
FN:31,(anonymous_2)
FN:34,(anonymous_3)
FN:35,(anonymous_4)
FN:46,(anonymous_5)
FN:47,(anonymous_6)
FNF:7
FNH:7
FNDA:1,(anonymous_0)
FNDA:1,(anonymous_1)
FNDA:1,(anonymous_2)
FNDA:1,(anonymous_3)
FNDA:1,(anonymous_4)
FNDA:1,(anonymous_5)
FNDA:1,(anonymous_6)
DA:6,2
DA:22,2
DA:27,1
DA:28,1
DA:31,1
DA:32,1
DA:35,1
DA:36,1
DA:37,1
DA:38,1
DA:40,1
DA:42,1
DA:44,1
DA:47,1
DA:48,1
DA:50,1
DA:51,1
DA:53,1
DA:55,1
DA:57,1
DA:62,2
LF:21
LH:21
BRDA:37,0,0,1
BRDA:37,0,1,0
BRDA:50,1,0,1
BRDA:50,1,1,0
BRF:4
BRH:2
end_of_record
